2025-04-17 11:18:20.300 [info] [main] Log level: Info
2025-04-17 11:18:20.300 [info] [main] Validating found git in: "git"
2025-04-17 11:18:20.300 [info] [main] Using git "2.49.0" from "git"
2025-04-17 11:18:20.300 [info] [Model][doInitialScan] Initial repository scan started
2025-04-17 11:18:20.300 [info] > git rev-parse --show-toplevel [5ms]
2025-04-17 11:18:20.300 [info] > git rev-parse --git-dir --git-common-dir [2ms]
2025-04-17 11:18:20.300 [info] [Model][openRepository] Opened repository: /home/emiliano/repos/odin-recipes
2025-04-17 11:18:20.300 [info] [Model][doInitialScan] Initial repository scan completed - repositories (1), closed repositories (0), parent repositories (0), unsafe repositories (0)
2025-04-17 11:18:20.313 [info] > git config --get commit.template [3ms]
2025-04-17 11:18:20.344 [info] > git for-each-ref --format=%(refname)%00%(upstream:short)%00%(objectname)%00%(upstream:track)%00%(upstream:remotename)%00%(upstream:remoteref) refs/heads/main refs/remotes/main [21ms]
2025-04-17 11:18:20.365 [warning] [Git][revParse] Unable to read file: ENOENT: no such file or directory, open '/home/emiliano/repos/odin-recipes/.git/refs/remotes/origin/main'
2025-04-17 11:18:20.368 [info] > git rev-parse refs/remotes/origin/main [3ms]
2025-04-17 11:18:20.389 [info] > git status -z -uall [11ms]
2025-04-17 11:18:20.390 [info] > git for-each-ref --sort -committerdate --format %(refname)%00%(objectname)%00%(*objectname) [3ms]
2025-04-17 11:18:20.425 [info] > git for-each-ref --format=%(refname)%00%(upstream:short)%00%(objectname)%00%(upstream:track)%00%(upstream:remotename)%00%(upstream:remoteref) refs/heads/main refs/remotes/main [12ms]
2025-04-17 11:18:20.434 [info] > git config --get --local branch.main.vscode-merge-base [3ms]
2025-04-17 11:18:20.442 [info] > git config --get commit.template [17ms]
2025-04-17 11:18:20.443 [info] > git for-each-ref --format=%(refname)%00%(upstream:short)%00%(objectname)%00%(upstream:track)%00%(upstream:remotename)%00%(upstream:remoteref) refs/heads/origin/main refs/remotes/origin/main [2ms]
2025-04-17 11:18:20.478 [info] > git merge-base refs/heads/main refs/remotes/origin/main [28ms]
2025-04-17 11:18:20.490 [info] > git for-each-ref --format=%(refname)%00%(upstream:short)%00%(objectname)%00%(upstream:track)%00%(upstream:remotename)%00%(upstream:remoteref) refs/heads/main refs/remotes/main [13ms]
2025-04-17 11:18:20.500 [warning] [Git][revParse] Unable to read file: ENOENT: no such file or directory, open '/home/emiliano/repos/odin-recipes/.git/refs/remotes/origin/main'
2025-04-17 11:18:20.500 [info] > git diff --name-status -z --diff-filter=ADMR ccf6364cb57de5f1365dc0146fcd641cc2e36d3f...refs/remotes/origin/main [13ms]
2025-04-17 11:18:20.503 [info] > git rev-parse refs/remotes/origin/main [4ms]
2025-04-17 11:18:20.523 [info] > git status -z -uall [12ms]
2025-04-17 11:18:20.524 [info] > git for-each-ref --sort -committerdate --format %(refname)%00%(objectname)%00%(*objectname) [5ms]
2025-04-17 11:18:20.840 [info] > git check-ignore -v -z --stdin [3ms]
2025-04-17 11:27:43.559 [info] > git log --format=%H%n%aN%n%aE%n%at%n%ct%n%P%n%D%n%B -z --shortstat --diff-merges=first-parent -n50 --skip=0 --topo-order --decorate=full --stdin [4ms]
2025-04-17 11:27:48.402 [info] > git log --format=%H%n%aN%n%aE%n%at%n%ct%n%P%n%D%n%B -z --shortstat --diff-merges=first-parent -n50 --skip=0 --topo-order --decorate=full --stdin [4ms]
2025-04-17 11:28:57.122 [info] > git config --get commit.template [16ms]
2025-04-17 11:28:57.124 [info] > git for-each-ref --format=%(refname)%00%(upstream:short)%00%(objectname)%00%(upstream:track)%00%(upstream:remotename)%00%(upstream:remoteref) refs/heads/main refs/remotes/main [3ms]
2025-04-17 11:28:57.135 [warning] [Git][revParse] Unable to read file: ENOENT: no such file or directory, open '/home/emiliano/repos/odin-recipes/.git/refs/remotes/origin/main'
2025-04-17 11:28:57.137 [info] > git rev-parse refs/remotes/origin/main [2ms]
2025-04-17 11:28:57.161 [info] > git status -z -uall [13ms]
2025-04-17 11:28:57.163 [info] > git for-each-ref --sort -committerdate --format %(refname)%00%(objectname)%00%(*objectname) [3ms]
2025-04-17 11:29:31.161 [info] > git config --get commit.template [17ms]
2025-04-17 11:29:31.164 [info] > git for-each-ref --format=%(refname)%00%(upstream:short)%00%(objectname)%00%(upstream:track)%00%(upstream:remotename)%00%(upstream:remoteref) refs/heads/main refs/remotes/main [4ms]
2025-04-17 11:29:31.176 [warning] [Git][revParse] Unable to read file: ENOENT: no such file or directory, open '/home/emiliano/repos/odin-recipes/.git/refs/remotes/origin/main'
2025-04-17 11:29:31.177 [info] > git rev-parse refs/remotes/origin/main [1ms]
2025-04-17 11:29:31.206 [info] > git status -z -uall [16ms]
2025-04-17 11:29:31.208 [info] > git for-each-ref --sort -committerdate --format %(refname)%00%(objectname)%00%(*objectname) [2ms]
2025-04-17 11:29:39.654 [info] > git config --get commit.template [2ms]
2025-04-17 11:29:39.675 [info] > git for-each-ref --format=%(refname)%00%(upstream:short)%00%(objectname)%00%(upstream:track)%00%(upstream:remotename)%00%(upstream:remoteref) refs/heads/main refs/remotes/main [4ms]
2025-04-17 11:29:39.689 [warning] [Git][revParse] Unable to read file: ENOENT: no such file or directory, open '/home/emiliano/repos/odin-recipes/.git/refs/remotes/origin/main'
2025-04-17 11:29:39.690 [info] > git rev-parse refs/remotes/origin/main [1ms]
2025-04-17 11:29:39.725 [info] > git status -z -uall [19ms]
2025-04-17 11:29:39.726 [info] > git for-each-ref --sort -committerdate --format %(refname)%00%(objectname)%00%(*objectname) [3ms]
2025-04-17 11:31:10.377 [info] > git config --get commit.template [16ms]
2025-04-17 11:31:10.378 [info] > git for-each-ref --format=%(refname)%00%(upstream:short)%00%(objectname)%00%(upstream:track)%00%(upstream:remotename)%00%(upstream:remoteref) refs/heads/main refs/remotes/main [2ms]
2025-04-17 11:31:10.386 [warning] [Git][revParse] Unable to read file: ENOENT: no such file or directory, open '/home/emiliano/repos/odin-recipes/.git/refs/remotes/origin/main'
2025-04-17 11:31:10.388 [info] > git rev-parse refs/remotes/origin/main [2ms]
2025-04-17 11:31:10.418 [info] > git status -z -uall [16ms]
2025-04-17 11:31:10.418 [info] > git for-each-ref --sort -committerdate --format %(refname)%00%(objectname)%00%(*objectname) [3ms]
2025-04-17 11:32:48.109 [info] > git config --get commit.template [12ms]
2025-04-17 11:32:48.111 [info] > git for-each-ref --format=%(refname)%00%(upstream:short)%00%(objectname)%00%(upstream:track)%00%(upstream:remotename)%00%(upstream:remoteref) refs/heads/main refs/remotes/main [2ms]
2025-04-17 11:32:48.123 [warning] [Git][revParse] Unable to read file: ENOENT: no such file or directory, open '/home/emiliano/repos/odin-recipes/.git/refs/remotes/origin/main'
2025-04-17 11:32:48.125 [info] > git rev-parse refs/remotes/origin/main [1ms]
2025-04-17 11:32:48.147 [info] > git status -z -uall [12ms]
2025-04-17 11:32:48.148 [info] > git for-each-ref --sort -committerdate --format %(refname)%00%(objectname)%00%(*objectname) [2ms]
2025-04-17 11:33:36.424 [info] > git config --get commit.template [19ms]
2025-04-17 11:33:36.426 [info] > git for-each-ref --format=%(refname)%00%(upstream:short)%00%(objectname)%00%(upstream:track)%00%(upstream:remotename)%00%(upstream:remoteref) refs/heads/main refs/remotes/main [3ms]
2025-04-17 11:33:36.442 [warning] [Git][revParse] Unable to read file: ENOENT: no such file or directory, open '/home/emiliano/repos/odin-recipes/.git/refs/remotes/origin/main'
2025-04-17 11:33:36.445 [info] > git rev-parse refs/remotes/origin/main [3ms]
2025-04-17 11:33:36.475 [info] > git status -z -uall [14ms]
2025-04-17 11:33:36.476 [info] > git for-each-ref --sort -committerdate --format %(refname)%00%(objectname)%00%(*objectname) [2ms]
2025-04-17 11:33:37.783 [info] > git check-ignore -v -z --stdin [2ms]
2025-04-17 11:33:38.882 [info] > git check-ignore -v -z --stdin [3ms]
2025-04-17 11:33:52.901 [info] > git config --get commit.template [13ms]
2025-04-17 11:33:52.902 [info] > git for-each-ref --format=%(refname)%00%(upstream:short)%00%(objectname)%00%(upstream:track)%00%(upstream:remotename)%00%(upstream:remoteref) refs/heads/main refs/remotes/main [2ms]
2025-04-17 11:33:52.914 [warning] [Git][revParse] Unable to read file: ENOENT: no such file or directory, open '/home/emiliano/repos/odin-recipes/.git/refs/remotes/origin/main'
2025-04-17 11:33:52.915 [info] > git rev-parse refs/remotes/origin/main [1ms]
2025-04-17 11:33:52.939 [info] > git status -z -uall [10ms]
2025-04-17 11:33:52.940 [info] > git for-each-ref --sort -committerdate --format %(refname)%00%(objectname)%00%(*objectname) [1ms]
2025-04-17 11:35:40.042 [info] > git config --get commit.template [9ms]
2025-04-17 11:35:40.043 [info] > git for-each-ref --format=%(refname)%00%(upstream:short)%00%(objectname)%00%(upstream:track)%00%(upstream:remotename)%00%(upstream:remoteref) refs/heads/main refs/remotes/main [2ms]
2025-04-17 11:35:40.074 [info] > git status -z -uall [16ms]
2025-04-17 11:35:40.076 [info] > git for-each-ref --sort -committerdate --format %(refname)%00%(objectname)%00%(*objectname) [2ms]
2025-04-17 11:35:40.093 [info] > git merge-base refs/heads/main refs/remotes/origin/main [3ms]
2025-04-17 11:35:40.104 [info] > git diff --name-status -z --diff-filter=ADMR 066afa46308c7f0e323558f3f36bc988de6293e2...refs/remotes/origin/main [1ms]
2025-04-17 11:35:40.408 [info] > git show --textconv :index.html [11ms]
2025-04-17 11:35:40.409 [info] > git ls-files --stage -- index.html [2ms]
2025-04-17 11:35:40.421 [info] > git cat-file -s 6b39aa5b00371ea8e445831829be12697d8635e1 [2ms]
2025-04-17 11:35:40.455 [info] > git blame --root --incremental 066afa46308c7f0e323558f3f36bc988de6293e2 -- index.html [4ms]
2025-04-17 11:35:45.127 [info] > git config --get commit.template [18ms]
2025-04-17 11:35:45.129 [info] > git for-each-ref --format=%(refname)%00%(upstream:short)%00%(objectname)%00%(upstream:track)%00%(upstream:remotename)%00%(upstream:remoteref) refs/heads/main refs/remotes/main [3ms]
2025-04-17 11:35:45.164 [info] > git status -z -uall [18ms]
2025-04-17 11:35:45.166 [info] > git for-each-ref --sort -committerdate --format %(refname)%00%(objectname)%00%(*objectname) [3ms]
2025-04-17 11:36:08.627 [info] > git config --get commit.template [4ms]
2025-04-17 11:36:08.642 [info] > git for-each-ref --format=%(refname)%00%(upstream:short)%00%(objectname)%00%(upstream:track)%00%(upstream:remotename)%00%(upstream:remoteref) refs/heads/main refs/remotes/main [2ms]
2025-04-17 11:36:08.674 [info] > git status -z -uall [19ms]
2025-04-17 11:36:08.677 [info] > git for-each-ref --sort -committerdate --format %(refname)%00%(objectname)%00%(*objectname) [4ms]
2025-04-17 11:37:36.976 [info] > git config --get commit.template [2ms]
2025-04-17 11:37:36.992 [info] > git for-each-ref --format=%(refname)%00%(upstream:short)%00%(objectname)%00%(upstream:track)%00%(upstream:remotename)%00%(upstream:remoteref) refs/heads/main refs/remotes/main [3ms]
2025-04-17 11:37:37.019 [info] > git status -z -uall [13ms]
2025-04-17 11:37:37.021 [info] > git for-each-ref --sort -committerdate --format %(refname)%00%(objectname)%00%(*objectname) [2ms]
2025-04-17 11:37:37.045 [info] > git merge-base refs/heads/main refs/remotes/origin/main [2ms]
2025-04-17 11:37:37.054 [info] > git diff --name-status -z --diff-filter=ADMR 6193a5353b93aee2b5af1e4507efee7e6e6d1c72...refs/remotes/origin/main [1ms]
2025-04-17 11:37:37.358 [info] > git show --textconv :recipes/lasagne.html [17ms]
2025-04-17 11:37:37.359 [info] > git ls-files --stage -- recipes/lasagne.html [4ms]
2025-04-17 11:37:37.374 [info] > git cat-file -s 7101ec388f654c5c4c3f1a5952a3d5c6dbd13842 [1ms]
2025-04-17 11:37:37.403 [info] > git blame --root --incremental 6193a5353b93aee2b5af1e4507efee7e6e6d1c72 -- recipes/lasagne.html [4ms]
2025-04-17 11:37:42.083 [info] > git config --get commit.template [18ms]
2025-04-17 11:37:42.086 [info] > git for-each-ref --format=%(refname)%00%(upstream:short)%00%(objectname)%00%(upstream:track)%00%(upstream:remotename)%00%(upstream:remoteref) refs/heads/main refs/remotes/main [4ms]
2025-04-17 11:37:42.113 [info] > git status -z -uall [15ms]
2025-04-17 11:37:42.114 [info] > git for-each-ref --sort -committerdate --format %(refname)%00%(objectname)%00%(*objectname) [2ms]
2025-04-17 11:37:47.144 [info] > git config --get commit.template [10ms]
2025-04-17 11:37:47.144 [info] > git for-each-ref --format=%(refname)%00%(upstream:short)%00%(objectname)%00%(upstream:track)%00%(upstream:remotename)%00%(upstream:remoteref) refs/heads/main refs/remotes/main [1ms]
2025-04-17 11:37:47.162 [info] > git status -z -uall [10ms]
2025-04-17 11:37:47.163 [info] > git for-each-ref --sort -committerdate --format %(refname)%00%(objectname)%00%(*objectname) [1ms]
2025-04-17 11:38:17.721 [info] > git config --get commit.template [15ms]
2025-04-17 11:38:17.722 [info] > git for-each-ref --format=%(refname)%00%(upstream:short)%00%(objectname)%00%(upstream:track)%00%(upstream:remotename)%00%(upstream:remoteref) refs/heads/main refs/remotes/main [1ms]
2025-04-17 11:38:17.744 [info] > git status -z -uall [9ms]
2025-04-17 11:38:17.745 [info] > git for-each-ref --sort -committerdate --format %(refname)%00%(objectname)%00%(*objectname) [2ms]
2025-04-17 11:38:22.156 [info] > git show --textconv :index.html [16ms]
2025-04-17 11:38:22.157 [info] > git ls-files --stage -- index.html [2ms]
2025-04-17 11:38:22.170 [info] > git cat-file -s 6b39aa5b00371ea8e445831829be12697d8635e1 [1ms]
2025-04-17 11:38:22.183 [info] > git blame --root --incremental 6193a5353b93aee2b5af1e4507efee7e6e6d1c72 -- index.html [1ms]
2025-04-17 11:39:40.362 [info] > git config --get commit.template [16ms]
2025-04-17 11:39:40.364 [info] > git for-each-ref --format=%(refname)%00%(upstream:short)%00%(objectname)%00%(upstream:track)%00%(upstream:remotename)%00%(upstream:remoteref) refs/heads/main refs/remotes/main [3ms]
2025-04-17 11:39:40.390 [info] > git status -z -uall [13ms]
2025-04-17 11:39:40.393 [info] > git for-each-ref --sort -committerdate --format %(refname)%00%(objectname)%00%(*objectname) [4ms]
2025-04-17 11:41:02.473 [info] > git config --get commit.template [16ms]
2025-04-17 11:41:02.486 [info] > git ls-files --stage -- index.html [14ms]
2025-04-17 11:41:02.496 [info] > git for-each-ref --format=%(refname)%00%(upstream:short)%00%(objectname)%00%(upstream:track)%00%(upstream:remotename)%00%(upstream:remoteref) refs/heads/main refs/remotes/main [11ms]
2025-04-17 11:41:02.496 [info] > git cat-file -s bc51ac074ea67a205aad50162d9f54e5c7856355 [1ms]
2025-04-17 11:41:02.515 [info] > git status -z -uall [10ms]
2025-04-17 11:41:02.527 [info] > git for-each-ref --sort -committerdate --format %(refname)%00%(objectname)%00%(*objectname) [13ms]
2025-04-17 11:41:02.556 [info] > git show --textconv :index.html [30ms]
2025-04-17 11:41:02.556 [info] > git blame --root --incremental afb9d5204ebcc590fba40df77ccbe8315c7572b6 -- index.html [15ms]
2025-04-17 11:41:02.559 [info] > git merge-base refs/heads/main refs/remotes/origin/main [3ms]
2025-04-17 11:41:02.569 [info] > git diff --name-status -z --diff-filter=ADMR afb9d5204ebcc590fba40df77ccbe8315c7572b6...refs/remotes/origin/main [2ms]
2025-04-17 11:41:22.310 [info] > git config --get commit.template [11ms]
2025-04-17 11:41:22.311 [info] > git for-each-ref --format=%(refname)%00%(upstream:short)%00%(objectname)%00%(upstream:track)%00%(upstream:remotename)%00%(upstream:remoteref) refs/heads/main refs/remotes/main [1ms]
2025-04-17 11:41:22.333 [info] > git status -z -uall [12ms]
2025-04-17 11:41:22.335 [info] > git for-each-ref --sort -committerdate --format %(refname)%00%(objectname)%00%(*objectname) [2ms]
2025-04-17 11:42:11.789 [info] > git show --textconv :recipes/lasagne.html [13ms]
2025-04-17 11:42:11.791 [info] > git ls-files --stage -- recipes/lasagne.html [3ms]
2025-04-17 11:42:11.804 [info] > git cat-file -s 7101ec388f654c5c4c3f1a5952a3d5c6dbd13842 [1ms]
2025-04-17 11:42:11.833 [info] > git blame --root --incremental afb9d5204ebcc590fba40df77ccbe8315c7572b6 -- recipes/lasagne.html [4ms]
2025-04-17 11:42:27.754 [info] > git config --get commit.template [15ms]
2025-04-17 11:42:27.757 [info] > git for-each-ref --format=%(refname)%00%(upstream:short)%00%(objectname)%00%(upstream:track)%00%(upstream:remotename)%00%(upstream:remoteref) refs/heads/main refs/remotes/main [3ms]
2025-04-17 11:42:27.784 [info] > git status -z -uall [14ms]
2025-04-17 11:42:27.786 [info] > git for-each-ref --sort -committerdate --format %(refname)%00%(objectname)%00%(*objectname) [3ms]
2025-04-17 11:43:54.184 [info] > git config --get commit.template [16ms]
2025-04-17 11:43:54.201 [info] > git for-each-ref --format=%(refname)%00%(upstream:short)%00%(objectname)%00%(upstream:track)%00%(upstream:remotename)%00%(upstream:remoteref) refs/heads/main refs/remotes/main [19ms]
2025-04-17 11:43:54.223 [info] > git status -z -uall [14ms]
2025-04-17 11:43:54.223 [info] > git ls-files --stage -- recipes/lasagne.html [23ms]
2025-04-17 11:43:54.234 [info] > git for-each-ref --sort -committerdate --format %(refname)%00%(objectname)%00%(*objectname) [12ms]
2025-04-17 11:43:54.260 [info] > git blame --root --incremental 1ba3f30c7f581aaabf38c7b2462f3d1c63ef51af -- recipes/lasagne.html [12ms]
2025-04-17 11:43:54.261 [info] > git cat-file -s 095f5165989fe7fce7feca983ffcec9aaa753a20 [28ms]
2025-04-17 11:43:54.262 [info] > git merge-base refs/heads/main refs/remotes/origin/main [3ms]
2025-04-17 11:43:54.287 [info] > git diff --name-status -z --diff-filter=ADMR 1ba3f30c7f581aaabf38c7b2462f3d1c63ef51af...refs/remotes/origin/main [13ms]
2025-04-17 11:43:54.291 [info] > git show --textconv :recipes/lasagne.html [4ms]
2025-04-17 11:44:01.009 [info] > git config --get commit.template [2ms]
2025-04-17 11:44:01.027 [info] > git for-each-ref --format=%(refname)%00%(upstream:short)%00%(objectname)%00%(upstream:track)%00%(upstream:remotename)%00%(upstream:remoteref) refs/heads/main refs/remotes/main [3ms]
2025-04-17 11:44:01.054 [info] > git status -z -uall [11ms]
2025-04-17 11:44:01.056 [info] > git for-each-ref --sort -committerdate --format %(refname)%00%(objectname)%00%(*objectname) [2ms]
2025-04-17 11:49:02.192 [info] > git config --get commit.template [13ms]
2025-04-17 11:49:02.194 [info] > git for-each-ref --format=%(refname)%00%(upstream:short)%00%(objectname)%00%(upstream:track)%00%(upstream:remotename)%00%(upstream:remoteref) refs/heads/main refs/remotes/main [3ms]
2025-04-17 11:49:02.219 [info] > git status -z -uall [14ms]
2025-04-17 11:49:02.221 [info] > git for-each-ref --sort -committerdate --format %(refname)%00%(objectname)%00%(*objectname) [3ms]
2025-04-17 11:49:16.773 [info] > git config --get commit.template [10ms]
2025-04-17 11:49:16.773 [info] > git for-each-ref --format=%(refname)%00%(upstream:short)%00%(objectname)%00%(upstream:track)%00%(upstream:remotename)%00%(upstream:remoteref) refs/heads/main refs/remotes/main [1ms]
2025-04-17 11:49:16.800 [info] > git status -z -uall [15ms]
2025-04-17 11:49:16.801 [info] > git for-each-ref --sort -committerdate --format %(refname)%00%(objectname)%00%(*objectname) [3ms]
2025-04-17 11:54:43.984 [info] > git config --get commit.template [2ms]
2025-04-17 11:54:44.003 [info] > git for-each-ref --format=%(refname)%00%(upstream:short)%00%(objectname)%00%(upstream:track)%00%(upstream:remotename)%00%(upstream:remoteref) refs/heads/main refs/remotes/main [3ms]
2025-04-17 11:54:44.026 [info] > git status -z -uall [13ms]
2025-04-17 11:54:44.029 [info] > git for-each-ref --sort -committerdate --format %(refname)%00%(objectname)%00%(*objectname) [2ms]
2025-04-17 11:58:12.164 [info] > git config --get commit.template [16ms]
2025-04-17 11:58:12.165 [info] > git for-each-ref --format=%(refname)%00%(upstream:short)%00%(objectname)%00%(upstream:track)%00%(upstream:remotename)%00%(upstream:remoteref) refs/heads/main refs/remotes/main [2ms]
2025-04-17 11:58:12.194 [info] > git status -z -uall [15ms]
2025-04-17 11:58:12.196 [info] > git for-each-ref --sort -committerdate --format %(refname)%00%(objectname)%00%(*objectname) [3ms]
2025-04-17 11:58:39.089 [info] > git config --get commit.template [19ms]
2025-04-17 11:58:39.091 [info] > git for-each-ref --format=%(refname)%00%(upstream:short)%00%(objectname)%00%(upstream:track)%00%(upstream:remotename)%00%(upstream:remoteref) refs/heads/main refs/remotes/main [3ms]
2025-04-17 11:58:39.122 [info] > git status -z -uall [15ms]
2025-04-17 11:58:39.123 [info] > git for-each-ref --sort -committerdate --format %(refname)%00%(objectname)%00%(*objectname) [2ms]
2025-04-17 11:58:51.646 [info] > git config --get commit.template [14ms]
2025-04-17 11:58:51.646 [info] > git for-each-ref --format=%(refname)%00%(upstream:short)%00%(objectname)%00%(upstream:track)%00%(upstream:remotename)%00%(upstream:remoteref) refs/heads/main refs/remotes/main [1ms]
2025-04-17 11:58:51.674 [info] > git status -z -uall [14ms]
2025-04-17 11:58:51.676 [info] > git for-each-ref --sort -committerdate --format %(refname)%00%(objectname)%00%(*objectname) [3ms]
2025-04-17 11:59:03.926 [info] > git config --get commit.template [2ms]
2025-04-17 11:59:03.941 [info] > git for-each-ref --format=%(refname)%00%(upstream:short)%00%(objectname)%00%(upstream:track)%00%(upstream:remotename)%00%(upstream:remoteref) refs/heads/main refs/remotes/main [2ms]
2025-04-17 11:59:03.969 [info] > git status -z -uall [15ms]
2025-04-17 11:59:03.970 [info] > git for-each-ref --sort -committerdate --format %(refname)%00%(objectname)%00%(*objectname) [2ms]
2025-04-17 11:59:13.794 [info] > git config --get commit.template [19ms]
2025-04-17 11:59:13.796 [info] > git for-each-ref --format=%(refname)%00%(upstream:short)%00%(objectname)%00%(upstream:track)%00%(upstream:remotename)%00%(upstream:remoteref) refs/heads/main refs/remotes/main [3ms]
2025-04-17 11:59:13.827 [info] > git status -z -uall [15ms]
2025-04-17 11:59:13.828 [info] > git for-each-ref --sort -committerdate --format %(refname)%00%(objectname)%00%(*objectname) [2ms]
2025-04-17 11:59:28.062 [info] > git config --get commit.template [1ms]
2025-04-17 11:59:28.079 [info] > git for-each-ref --format=%(refname)%00%(upstream:short)%00%(objectname)%00%(upstream:track)%00%(upstream:remotename)%00%(upstream:remoteref) refs/heads/main refs/remotes/main [1ms]
2025-04-17 11:59:28.111 [info] > git status -z -uall [17ms]
2025-04-17 11:59:28.111 [info] > git for-each-ref --sort -committerdate --format %(refname)%00%(objectname)%00%(*objectname) [2ms]
2025-04-17 11:59:47.204 [info] > git config --get commit.template [1ms]
2025-04-17 11:59:47.225 [info] > git for-each-ref --format=%(refname)%00%(upstream:short)%00%(objectname)%00%(upstream:track)%00%(upstream:remotename)%00%(upstream:remoteref) refs/heads/main refs/remotes/main [3ms]
2025-04-17 11:59:47.262 [info] > git status -z -uall [19ms]
2025-04-17 11:59:47.264 [info] > git for-each-ref --sort -committerdate --format %(refname)%00%(objectname)%00%(*objectname) [3ms]
2025-04-17 12:00:10.668 [info] > git config --get commit.template [15ms]
2025-04-17 12:00:10.668 [info] > git for-each-ref --format=%(refname)%00%(upstream:short)%00%(objectname)%00%(upstream:track)%00%(upstream:remotename)%00%(upstream:remoteref) refs/heads/main refs/remotes/main [1ms]
2025-04-17 12:00:10.701 [info] > git status -z -uall [15ms]
2025-04-17 12:00:10.702 [info] > git for-each-ref --sort -committerdate --format %(refname)%00%(objectname)%00%(*objectname) [2ms]
2025-04-17 12:00:18.444 [info] > git config --get commit.template [17ms]
2025-04-17 12:00:18.445 [info] > git for-each-ref --format=%(refname)%00%(upstream:short)%00%(objectname)%00%(upstream:track)%00%(upstream:remotename)%00%(upstream:remoteref) refs/heads/main refs/remotes/main [2ms]
2025-04-17 12:00:18.467 [info] > git status -z -uall [9ms]
2025-04-17 12:00:18.468 [info] > git for-each-ref --sort -committerdate --format %(refname)%00%(objectname)%00%(*objectname) [2ms]
2025-04-17 12:00:29.927 [info] > git config --get commit.template [13ms]
2025-04-17 12:00:29.927 [info] > git for-each-ref --format=%(refname)%00%(upstream:short)%00%(objectname)%00%(upstream:track)%00%(upstream:remotename)%00%(upstream:remoteref) refs/heads/main refs/remotes/main [2ms]
2025-04-17 12:00:29.953 [info] > git status -z -uall [14ms]
2025-04-17 12:00:29.956 [info] > git for-each-ref --sort -committerdate --format %(refname)%00%(objectname)%00%(*objectname) [3ms]
2025-04-17 12:01:37.160 [info] > git config --get commit.template [3ms]
2025-04-17 12:01:37.179 [info] > git ls-files --stage -- recipes/lasagne.html [10ms]
2025-04-17 12:01:37.191 [info] > git for-each-ref --format=%(refname)%00%(upstream:short)%00%(objectname)%00%(upstream:track)%00%(upstream:remotename)%00%(upstream:remoteref) refs/heads/main refs/remotes/main [12ms]
2025-04-17 12:01:37.214 [info] > git status -z -uall [13ms]
2025-04-17 12:01:37.214 [info] > git cat-file -s 2e7b1fefe498f9ef52284d15f5a4cb6105b695ce [23ms]
2025-04-17 12:01:37.228 [info] > git for-each-ref --sort -committerdate --format %(refname)%00%(objectname)%00%(*objectname) [15ms]
2025-04-17 12:01:37.253 [info] > git show --textconv :recipes/lasagne.html [26ms]
2025-04-17 12:01:37.253 [info] > git blame --root --incremental f40c273dfaeb23e3edae2ff8aadf4caeb2fd5a24 -- recipes/lasagne.html [14ms]
2025-04-17 12:01:37.255 [info] > git merge-base refs/heads/main refs/remotes/origin/main [4ms]
2025-04-17 12:01:37.269 [info] > git diff --name-status -z --diff-filter=ADMR f40c273dfaeb23e3edae2ff8aadf4caeb2fd5a24...refs/remotes/origin/main [2ms]
2025-04-17 12:01:39.185 [info] > git show --textconv :index.html [11ms]
2025-04-17 12:01:39.186 [info] > git ls-files --stage -- index.html [2ms]
2025-04-17 12:01:39.198 [info] > git cat-file -s bc51ac074ea67a205aad50162d9f54e5c7856355 [2ms]
2025-04-17 12:01:39.217 [info] > git blame --root --incremental f40c273dfaeb23e3edae2ff8aadf4caeb2fd5a24 -- index.html [2ms]
2025-04-17 12:01:45.039 [info] > git config --get commit.template [13ms]
2025-04-17 12:01:45.041 [info] > git for-each-ref --format=%(refname)%00%(upstream:short)%00%(objectname)%00%(upstream:track)%00%(upstream:remotename)%00%(upstream:remoteref) refs/heads/main refs/remotes/main [3ms]
2025-04-17 12:01:45.063 [info] > git status -z -uall [12ms]
2025-04-17 12:01:45.066 [info] > git for-each-ref --sort -committerdate --format %(refname)%00%(objectname)%00%(*objectname) [3ms]
2025-04-17 12:09:27.554 [info] > git config --get commit.template [1ms]
2025-04-17 12:09:27.568 [info] > git for-each-ref --format=%(refname)%00%(upstream:short)%00%(objectname)%00%(upstream:track)%00%(upstream:remotename)%00%(upstream:remoteref) refs/heads/main refs/remotes/main [1ms]
2025-04-17 12:09:27.590 [info] > git status -z -uall [13ms]
2025-04-17 12:09:27.593 [info] > git for-each-ref --sort -committerdate --format %(refname)%00%(objectname)%00%(*objectname) [3ms]
2025-04-17 12:09:32.632 [info] > git config --get commit.template [18ms]
2025-04-17 12:09:32.634 [info] > git for-each-ref --format=%(refname)%00%(upstream:short)%00%(objectname)%00%(upstream:track)%00%(upstream:remotename)%00%(upstream:remoteref) refs/heads/main refs/remotes/main [3ms]
2025-04-17 12:09:32.669 [info] > git status -z -uall [15ms]
2025-04-17 12:09:32.670 [info] > git for-each-ref --sort -committerdate --format %(refname)%00%(objectname)%00%(*objectname) [2ms]
2025-04-17 12:09:34.404 [info] > git log --format=%H%n%aN%n%aE%n%at%n%ct%n%P%n%D%n%B -z --shortstat --diff-merges=first-parent -n50 --skip=0 --topo-order --decorate=full --stdin [5ms]
2025-04-17 12:09:34.936 [info] > git check-ignore -v -z --stdin [2ms]
2025-04-17 12:10:14.898 [info] > git config --get commit.template [1ms]
2025-04-17 12:10:14.919 [info] > git for-each-ref --format=%(refname)%00%(upstream:short)%00%(objectname)%00%(upstream:track)%00%(upstream:remotename)%00%(upstream:remoteref) refs/heads/main refs/remotes/main [4ms]
2025-04-17 12:10:14.951 [info] > git status -z -uall [18ms]
2025-04-17 12:10:14.955 [info] > git for-each-ref --sort -committerdate --format %(refname)%00%(objectname)%00%(*objectname) [4ms]
2025-04-17 12:10:19.993 [info] > git config --get commit.template [14ms]
2025-04-17 12:10:19.995 [info] > git for-each-ref --format=%(refname)%00%(upstream:short)%00%(objectname)%00%(upstream:track)%00%(upstream:remotename)%00%(upstream:remoteref) refs/heads/main refs/remotes/main [3ms]
2025-04-17 12:10:20.024 [info] > git status -z -uall [16ms]
2025-04-17 12:10:20.026 [info] > git for-each-ref --sort -committerdate --format %(refname)%00%(objectname)%00%(*objectname) [3ms]
2025-04-17 12:12:36.329 [info] [main] Log level: Info
2025-04-17 12:12:36.329 [info] [main] Validating found git in: "git"
2025-04-17 12:12:36.329 [info] [main] Using git "2.49.0" from "git"
2025-04-17 12:12:36.329 [info] [Model][doInitialScan] Initial repository scan started
2025-04-17 12:12:36.329 [info] > git rev-parse --show-toplevel [4ms]
2025-04-17 12:12:36.341 [info] > git rev-parse --git-dir --git-common-dir [3ms]
2025-04-17 12:12:36.353 [info] [Model][openRepository] Opened repository: /home/emiliano/repos/odin-recipes
2025-04-17 12:12:36.375 [info] > git rev-parse --show-toplevel [2ms]
2025-04-17 12:12:36.375 [info] > git config --get commit.template [11ms]
2025-04-17 12:12:36.399 [info] > git for-each-ref --format=%(refname)%00%(upstream:short)%00%(objectname)%00%(upstream:track)%00%(upstream:remotename)%00%(upstream:remoteref) refs/heads/main refs/remotes/main [4ms]
2025-04-17 12:12:36.399 [info] > git rev-parse --show-toplevel [14ms]
2025-04-17 12:12:36.400 [info] [Model][doInitialScan] Initial repository scan completed - repositories (1), closed repositories (0), parent repositories (0), unsafe repositories (0)
2025-04-17 12:12:36.424 [info] > git status -z -uall [10ms]
2025-04-17 12:12:36.425 [info] > git for-each-ref --sort -committerdate --format %(refname)%00%(objectname)%00%(*objectname) [2ms]
2025-04-17 12:12:36.465 [info] > git for-each-ref --format=%(refname)%00%(upstream:short)%00%(objectname)%00%(upstream:track)%00%(upstream:remotename)%00%(upstream:remoteref) refs/heads/main refs/remotes/main [12ms]
2025-04-17 12:12:36.481 [info] > git config --get --local branch.main.vscode-merge-base [7ms]
2025-04-17 12:12:36.490 [info] > git for-each-ref --format=%(refname)%00%(upstream:short)%00%(objectname)%00%(upstream:track)%00%(upstream:remotename)%00%(upstream:remoteref) refs/heads/origin/main refs/remotes/origin/main [1ms]
2025-04-17 12:12:36.500 [info] > git merge-base refs/heads/main refs/remotes/origin/main [1ms]
2025-04-17 12:12:36.509 [info] > git diff --name-status -z --diff-filter=ADMR f40c273dfaeb23e3edae2ff8aadf4caeb2fd5a24...refs/remotes/origin/main [2ms]
2025-04-17 12:12:36.635 [info] > git config --get commit.template [5ms]
2025-04-17 12:12:36.759 [info] > git for-each-ref --format=%(refname)%00%(upstream:short)%00%(objectname)%00%(upstream:track)%00%(upstream:remotename)%00%(upstream:remoteref) refs/heads/main refs/remotes/main [15ms]
2025-04-17 12:12:36.786 [info] > git status -z -uall [10ms]
2025-04-17 12:12:36.787 [info] > git for-each-ref --sort -committerdate --format %(refname)%00%(objectname)%00%(*objectname) [2ms]
2025-04-17 12:12:36.918 [info] > git check-ignore -v -z --stdin [4ms]
2025-04-17 12:13:09.978 [info] > git config --get commit.template [1ms]
2025-04-17 12:13:09.996 [info] > git for-each-ref --format=%(refname)%00%(upstream:short)%00%(objectname)%00%(upstream:track)%00%(upstream:remotename)%00%(upstream:remoteref) refs/heads/main refs/remotes/main [2ms]
2025-04-17 12:13:10.037 [info] > git status -z -uall [20ms]
2025-04-17 12:13:10.038 [info] > git for-each-ref --sort -committerdate --format %(refname)%00%(objectname)%00%(*objectname) [2ms]
2025-04-17 12:13:25.487 [info] > git check-ignore -v -z --stdin [3ms]
2025-04-17 12:13:32.828 [info] > git config --get commit.template [17ms]
2025-04-17 12:13:32.830 [info] > git for-each-ref --format=%(refname)%00%(upstream:short)%00%(objectname)%00%(upstream:track)%00%(upstream:remotename)%00%(upstream:remoteref) refs/heads/main refs/remotes/main [3ms]
2025-04-17 12:13:32.854 [info] > git status -z -uall [12ms]
2025-04-17 12:13:32.854 [info] > git for-each-ref --sort -committerdate --format %(refname)%00%(objectname)%00%(*objectname) [1ms]
2025-04-17 12:13:44.931 [info] > git config --get commit.template [16ms]
2025-04-17 12:13:44.932 [info] > git for-each-ref --format=%(refname)%00%(upstream:short)%00%(objectname)%00%(upstream:track)%00%(upstream:remotename)%00%(upstream:remoteref) refs/heads/main refs/remotes/main [2ms]
2025-04-17 12:13:44.961 [info] > git status -z -uall [13ms]
2025-04-17 12:13:44.962 [info] > git for-each-ref --sort -committerdate --format %(refname)%00%(objectname)%00%(*objectname) [2ms]
2025-04-17 12:13:58.780 [info] > git config --get commit.template [22ms]
2025-04-17 12:13:58.783 [info] > git for-each-ref --format=%(refname)%00%(upstream:short)%00%(objectname)%00%(upstream:track)%00%(upstream:remotename)%00%(upstream:remoteref) refs/heads/main refs/remotes/main [3ms]
2025-04-17 12:13:58.824 [info] > git status -z -uall [18ms]
2025-04-17 12:13:58.826 [info] > git for-each-ref --sort -committerdate --format %(refname)%00%(objectname)%00%(*objectname) [3ms]
2025-04-17 12:14:11.119 [info] > git config --get commit.template [1ms]
2025-04-17 12:14:11.135 [info] > git for-each-ref --format=%(refname)%00%(upstream:short)%00%(objectname)%00%(upstream:track)%00%(upstream:remotename)%00%(upstream:remoteref) refs/heads/main refs/remotes/main [1ms]
2025-04-17 12:14:11.165 [info] > git status -z -uall [15ms]
2025-04-17 12:14:11.167 [info] > git for-each-ref --sort -committerdate --format %(refname)%00%(objectname)%00%(*objectname) [3ms]
2025-04-17 12:14:20.476 [info] > git config --get commit.template [1ms]
2025-04-17 12:14:20.492 [info] > git for-each-ref --format=%(refname)%00%(upstream:short)%00%(objectname)%00%(upstream:track)%00%(upstream:remotename)%00%(upstream:remoteref) refs/heads/main refs/remotes/main [1ms]
2025-04-17 12:14:20.526 [info] > git status -z -uall [18ms]
2025-04-17 12:14:20.527 [info] > git for-each-ref --sort -committerdate --format %(refname)%00%(objectname)%00%(*objectname) [2ms]
2025-04-17 12:14:34.759 [info] > git config --get commit.template [1ms]
2025-04-17 12:14:34.782 [info] > git for-each-ref --format=%(refname)%00%(upstream:short)%00%(objectname)%00%(upstream:track)%00%(upstream:remotename)%00%(upstream:remoteref) refs/heads/main refs/remotes/main [3ms]
2025-04-17 12:14:34.817 [info] > git status -z -uall [17ms]
2025-04-17 12:14:34.819 [info] > git for-each-ref --sort -committerdate --format %(refname)%00%(objectname)%00%(*objectname) [3ms]
2025-04-17 12:14:48.430 [info] > git config --get commit.template [18ms]
2025-04-17 12:14:48.430 [info] > git for-each-ref --format=%(refname)%00%(upstream:short)%00%(objectname)%00%(upstream:track)%00%(upstream:remotename)%00%(upstream:remoteref) refs/heads/main refs/remotes/main [1ms]
2025-04-17 12:14:48.463 [info] > git status -z -uall [16ms]
2025-04-17 12:14:48.465 [info] > git for-each-ref --sort -committerdate --format %(refname)%00%(objectname)%00%(*objectname) [2ms]
2025-04-17 12:14:58.851 [info] > git config --get commit.template [19ms]
2025-04-17 12:14:58.852 [info] > git for-each-ref --format=%(refname)%00%(upstream:short)%00%(objectname)%00%(upstream:track)%00%(upstream:remotename)%00%(upstream:remoteref) refs/heads/main refs/remotes/main [2ms]
2025-04-17 12:14:58.888 [info] > git status -z -uall [19ms]
2025-04-17 12:14:58.888 [info] > git for-each-ref --sort -committerdate --format %(refname)%00%(objectname)%00%(*objectname) [3ms]
2025-04-17 12:15:22.225 [info] > git config --get commit.template [23ms]
2025-04-17 12:15:22.228 [info] > git for-each-ref --format=%(refname)%00%(upstream:short)%00%(objectname)%00%(upstream:track)%00%(upstream:remotename)%00%(upstream:remoteref) refs/heads/main refs/remotes/main [4ms]
2025-04-17 12:15:22.272 [info] > git status -z -uall [23ms]
2025-04-17 12:15:22.275 [info] > git for-each-ref --sort -committerdate --format %(refname)%00%(objectname)%00%(*objectname) [4ms]
2025-04-17 12:15:23.259 [info] > git show --textconv :index.html [21ms]
2025-04-17 12:15:23.261 [info] > git ls-files --stage -- index.html [3ms]
2025-04-17 12:15:23.281 [info] > git cat-file -s bc51ac074ea67a205aad50162d9f54e5c7856355 [3ms]
2025-04-17 12:15:23.319 [info] > git blame --root --incremental f40c273dfaeb23e3edae2ff8aadf4caeb2fd5a24 -- index.html [3ms]
2025-04-17 12:16:12.708 [info] > git config --get commit.template [1ms]
2025-04-17 12:16:12.731 [info] > git ls-files --stage -- index.html [12ms]
2025-04-17 12:16:12.741 [info] > git for-each-ref --format=%(refname)%00%(upstream:short)%00%(objectname)%00%(upstream:track)%00%(upstream:remotename)%00%(upstream:remoteref) refs/heads/main refs/remotes/main [11ms]
2025-04-17 12:16:12.742 [info] > git cat-file -s bc51ac074ea67a205aad50162d9f54e5c7856355 [2ms]
2025-04-17 12:16:12.763 [info] > git status -z -uall [11ms]
2025-04-17 12:16:12.774 [info] > git for-each-ref --sort -committerdate --format %(refname)%00%(objectname)%00%(*objectname) [12ms]
2025-04-17 12:16:12.800 [info] > git show --textconv :index.html [27ms]
2025-04-17 12:16:12.800 [info] > git blame --root --incremental 521065236bb08f44f88cba7d548a1a43fb7d482f -- index.html [13ms]
2025-04-17 12:16:12.801 [info] > git merge-base refs/heads/main refs/remotes/origin/main [3ms]
2025-04-17 12:16:12.813 [info] > git diff --name-status -z --diff-filter=ADMR 521065236bb08f44f88cba7d548a1a43fb7d482f...refs/remotes/origin/main [2ms]
2025-04-17 12:16:17.823 [info] > git config --get commit.template [2ms]
2025-04-17 12:16:17.847 [info] > git for-each-ref --format=%(refname)%00%(upstream:short)%00%(objectname)%00%(upstream:track)%00%(upstream:remotename)%00%(upstream:remoteref) refs/heads/main refs/remotes/main [3ms]
2025-04-17 12:16:17.879 [info] > git status -z -uall [13ms]
2025-04-17 12:16:17.880 [info] > git for-each-ref --sort -committerdate --format %(refname)%00%(objectname)%00%(*objectname) [2ms]
2025-04-17 12:16:19.177 [info] > git show --textconv :recipes/strawbery-lemon-cheesecake.html [18ms]
2025-04-17 12:16:19.179 [info] > git ls-files --stage -- recipes/strawbery-lemon-cheesecake.html [3ms]
2025-04-17 12:16:19.197 [info] > git cat-file -s e69de29bb2d1d6434b8b29ae775ad8c2e48c5391 [3ms]
2025-04-17 12:16:25.095 [info] > git blame --root --incremental 521065236bb08f44f88cba7d548a1a43fb7d482f -- recipes/strawbery-lemon-cheesecake.html [4ms]
2025-04-17 12:16:50.372 [info] > git config --get commit.template [1ms]
2025-04-17 12:16:50.388 [info] > git for-each-ref --format=%(refname)%00%(upstream:short)%00%(objectname)%00%(upstream:track)%00%(upstream:remotename)%00%(upstream:remoteref) refs/heads/main refs/remotes/main [1ms]
2025-04-17 12:16:50.415 [info] > git status -z -uall [13ms]
2025-04-17 12:16:50.415 [info] > git for-each-ref --sort -committerdate --format %(refname)%00%(objectname)%00%(*objectname) [1ms]
2025-04-17 12:17:14.969 [info] > git show --textconv :index.html [13ms]
2025-04-17 12:17:14.971 [info] > git ls-files --stage -- index.html [3ms]
2025-04-17 12:17:14.983 [info] > git cat-file -s bc51ac074ea67a205aad50162d9f54e5c7856355 [2ms]
2025-04-17 12:17:16.740 [info] > git show --textconv :recipes/strawbery-lemon-cheesecake.html [20ms]
2025-04-17 12:17:16.742 [info] > git ls-files --stage -- recipes/strawbery-lemon-cheesecake.html [2ms]
2025-04-17 12:17:16.761 [info] > git cat-file -s e69de29bb2d1d6434b8b29ae775ad8c2e48c5391 [2ms]
2025-04-17 12:17:41.502 [info] > git config --get commit.template [1ms]
2025-04-17 12:17:41.523 [info] > git for-each-ref --format=%(refname)%00%(upstream:short)%00%(objectname)%00%(upstream:track)%00%(upstream:remotename)%00%(upstream:remoteref) refs/heads/main refs/remotes/main [1ms]
2025-04-17 12:17:41.570 [info] > git status -z -uall [21ms]
2025-04-17 12:17:41.571 [info] > git for-each-ref --sort -committerdate --format %(refname)%00%(objectname)%00%(*objectname) [2ms]
2025-04-17 12:17:49.891 [info] > git config --get commit.template [20ms]
2025-04-17 12:17:49.893 [info] > git for-each-ref --format=%(refname)%00%(upstream:short)%00%(objectname)%00%(upstream:track)%00%(upstream:remotename)%00%(upstream:remoteref) refs/heads/main refs/remotes/main [3ms]
2025-04-17 12:17:49.929 [info] > git status -z -uall [18ms]
2025-04-17 12:17:49.932 [info] > git for-each-ref --sort -committerdate --format %(refname)%00%(objectname)%00%(*objectname) [4ms]
2025-04-17 12:17:59.210 [info] > git config --get commit.template [3ms]
2025-04-17 12:17:59.234 [info] > git for-each-ref --format=%(refname)%00%(upstream:short)%00%(objectname)%00%(upstream:track)%00%(upstream:remotename)%00%(upstream:remoteref) refs/heads/main refs/remotes/main [2ms]
2025-04-17 12:17:59.272 [info] > git status -z -uall [19ms]
2025-04-17 12:17:59.274 [info] > git for-each-ref --sort -committerdate --format %(refname)%00%(objectname)%00%(*objectname) [3ms]
2025-04-17 12:18:04.312 [info] > git config --get commit.template [13ms]
2025-04-17 12:18:04.313 [info] > git for-each-ref --format=%(refname)%00%(upstream:short)%00%(objectname)%00%(upstream:track)%00%(upstream:remotename)%00%(upstream:remoteref) refs/heads/main refs/remotes/main [1ms]
2025-04-17 12:18:04.343 [info] > git status -z -uall [14ms]
2025-04-17 12:18:04.345 [info] > git for-each-ref --sort -committerdate --format %(refname)%00%(objectname)%00%(*objectname) [2ms]
2025-04-17 12:18:20.476 [info] > git config --get commit.template [18ms]
2025-04-17 12:18:20.478 [info] > git for-each-ref --format=%(refname)%00%(upstream:short)%00%(objectname)%00%(upstream:track)%00%(upstream:remotename)%00%(upstream:remoteref) refs/heads/main refs/remotes/main [3ms]
2025-04-17 12:18:20.513 [info] > git status -z -uall [18ms]
2025-04-17 12:18:20.515 [info] > git for-each-ref --sort -committerdate --format %(refname)%00%(objectname)%00%(*objectname) [3ms]
2025-04-17 12:21:26.729 [info] > git config --get commit.template [25ms]
2025-04-17 12:21:26.731 [info] > git for-each-ref --format=%(refname)%00%(upstream:short)%00%(objectname)%00%(upstream:track)%00%(upstream:remotename)%00%(upstream:remoteref) refs/heads/main refs/remotes/main [4ms]
2025-04-17 12:21:26.773 [info] > git status -z -uall [18ms]
2025-04-17 12:21:26.774 [info] > git for-each-ref --sort -committerdate --format %(refname)%00%(objectname)%00%(*objectname) [2ms]
2025-04-17 12:21:50.993 [info] > git config --get commit.template [24ms]
2025-04-17 12:21:50.996 [info] > git for-each-ref --format=%(refname)%00%(upstream:short)%00%(objectname)%00%(upstream:track)%00%(upstream:remotename)%00%(upstream:remoteref) refs/heads/main refs/remotes/main [4ms]
2025-04-17 12:21:51.050 [info] > git status -z -uall [30ms]
2025-04-17 12:21:51.051 [info] > git for-each-ref --sort -committerdate --format %(refname)%00%(objectname)%00%(*objectname) [3ms]
2025-04-17 12:22:02.903 [info] > git config --get commit.template [3ms]
2025-04-17 12:22:02.923 [info] > git for-each-ref --format=%(refname)%00%(upstream:short)%00%(objectname)%00%(upstream:track)%00%(upstream:remotename)%00%(upstream:remoteref) refs/heads/main refs/remotes/main [1ms]
2025-04-17 12:22:02.966 [info] > git status -z -uall [19ms]
2025-04-17 12:22:02.967 [info] > git for-each-ref --sort -committerdate --format %(refname)%00%(objectname)%00%(*objectname) [2ms]
2025-04-17 12:22:13.520 [info] > git for-each-ref --format=%(refname)%00%(upstream:short)%00%(objectname)%00%(upstream:track)%00%(upstream:remotename)%00%(upstream:remoteref) refs/heads/main refs/remotes/main [3ms]
2025-04-17 12:22:13.520 [info] > git config --get commit.template [16ms]
2025-04-17 12:22:13.548 [info] > git status -z -uall [14ms]
2025-04-17 12:22:13.550 [info] > git for-each-ref --sort -committerdate --format %(refname)%00%(objectname)%00%(*objectname) [2ms]
2025-04-17 12:22:25.348 [info] > git config --get commit.template [20ms]
2025-04-17 12:22:25.350 [info] > git for-each-ref --format=%(refname)%00%(upstream:short)%00%(objectname)%00%(upstream:track)%00%(upstream:remotename)%00%(upstream:remoteref) refs/heads/main refs/remotes/main [3ms]
2025-04-17 12:22:25.391 [info] > git status -z -uall [19ms]
2025-04-17 12:22:25.393 [info] > git for-each-ref --sort -committerdate --format %(refname)%00%(objectname)%00%(*objectname) [3ms]
2025-04-17 12:22:39.863 [info] > git config --get commit.template [1ms]
2025-04-17 12:22:39.889 [info] > git for-each-ref --format=%(refname)%00%(upstream:short)%00%(objectname)%00%(upstream:track)%00%(upstream:remotename)%00%(upstream:remoteref) refs/heads/main refs/remotes/main [4ms]
2025-04-17 12:22:39.932 [info] > git status -z -uall [21ms]
2025-04-17 12:22:39.934 [info] > git for-each-ref --sort -committerdate --format %(refname)%00%(objectname)%00%(*objectname) [3ms]
2025-04-17 12:22:52.889 [info] > git config --get commit.template [25ms]
2025-04-17 12:22:52.891 [info] > git for-each-ref --format=%(refname)%00%(upstream:short)%00%(objectname)%00%(upstream:track)%00%(upstream:remotename)%00%(upstream:remoteref) refs/heads/main refs/remotes/main [3ms]
2025-04-17 12:22:52.934 [info] > git status -z -uall [24ms]
2025-04-17 12:22:52.936 [info] > git for-each-ref --sort -committerdate --format %(refname)%00%(objectname)%00%(*objectname) [3ms]
2025-04-17 12:23:08.283 [info] > git config --get commit.template [15ms]
2025-04-17 12:23:08.283 [info] > git for-each-ref --format=%(refname)%00%(upstream:short)%00%(objectname)%00%(upstream:track)%00%(upstream:remotename)%00%(upstream:remoteref) refs/heads/main refs/remotes/main [1ms]
2025-04-17 12:23:08.311 [info] > git status -z -uall [12ms]
2025-04-17 12:23:08.312 [info] > git for-each-ref --sort -committerdate --format %(refname)%00%(objectname)%00%(*objectname) [1ms]
2025-04-17 12:23:15.655 [info] > git config --get commit.template [18ms]
2025-04-17 12:23:15.656 [info] > git for-each-ref --format=%(refname)%00%(upstream:short)%00%(objectname)%00%(upstream:track)%00%(upstream:remotename)%00%(upstream:remoteref) refs/heads/main refs/remotes/main [3ms]
2025-04-17 12:23:15.723 [info] > git status -z -uall [49ms]
2025-04-17 12:23:15.724 [info] > git for-each-ref --sort -committerdate --format %(refname)%00%(objectname)%00%(*objectname) [32ms]
2025-04-17 12:23:36.941 [info] > git config --get commit.template [21ms]
2025-04-17 12:23:36.941 [info] > git for-each-ref --format=%(refname)%00%(upstream:short)%00%(objectname)%00%(upstream:track)%00%(upstream:remotename)%00%(upstream:remoteref) refs/heads/main refs/remotes/main [1ms]
2025-04-17 12:23:36.983 [info] > git status -z -uall [25ms]
2025-04-17 12:23:36.985 [info] > git for-each-ref --sort -committerdate --format %(refname)%00%(objectname)%00%(*objectname) [3ms]
2025-04-17 12:24:56.263 [info] > git config --get commit.template [15ms]
2025-04-17 12:24:56.276 [info] > git ls-files --stage -- recipes/strawbery-lemon-cheesecake.html [14ms]
2025-04-17 12:24:56.294 [info] > git for-each-ref --format=%(refname)%00%(upstream:short)%00%(objectname)%00%(upstream:track)%00%(upstream:remotename)%00%(upstream:remoteref) refs/heads/main refs/remotes/main [19ms]
2025-04-17 12:24:56.295 [info] > git cat-file -s c3de3ff09ea520a7f0a8b69340c3e69296e79a88 [2ms]
2025-04-17 12:24:56.324 [info] > git status -z -uall [15ms]
2025-04-17 12:24:56.337 [info] > git for-each-ref --sort -committerdate --format %(refname)%00%(objectname)%00%(*objectname) [14ms]
2025-04-17 12:24:56.367 [info] > git show --textconv :recipes/strawbery-lemon-cheesecake.html [31ms]
2025-04-17 12:24:56.367 [info] > git blame --root --incremental 83e629dc83f66b965ce1ae0ba22bdcac70e27f9e -- recipes/strawbery-lemon-cheesecake.html [15ms]
2025-04-17 12:24:56.369 [info] > git merge-base refs/heads/main refs/remotes/origin/main [4ms]
2025-04-17 12:24:56.386 [info] > git diff --name-status -z --diff-filter=ADMR 521065236bb08f44f88cba7d548a1a43fb7d482f...refs/remotes/origin/main [3ms]
2025-04-17 12:25:01.418 [info] > git config --get commit.template [26ms]
2025-04-17 12:25:01.420 [info] > git for-each-ref --format=%(refname)%00%(upstream:short)%00%(objectname)%00%(upstream:track)%00%(upstream:remotename)%00%(upstream:remoteref) refs/heads/main refs/remotes/main [3ms]
2025-04-17 12:25:01.464 [info] > git status -z -uall [20ms]
2025-04-17 12:25:01.466 [info] > git for-each-ref --sort -committerdate --format %(refname)%00%(objectname)%00%(*objectname) [2ms]
2025-04-17 12:25:40.155 [info] > git config --get commit.template [4ms]
2025-04-17 12:25:40.193 [info] > git ls-files --stage -- recipes/strawbery-lemon-cheesecake.html [18ms]
2025-04-17 12:25:40.204 [info] > git for-each-ref --format=%(refname)%00%(upstream:short)%00%(objectname)%00%(upstream:track)%00%(upstream:remotename)%00%(upstream:remoteref) refs/heads/main refs/remotes/main [12ms]
2025-04-17 12:25:40.242 [info] > git status -z -uall [18ms]
2025-04-17 12:25:40.243 [info] > git cat-file -s 1d5cd38936c405c4ee94cb2f2e6c92f5197bc6a2 [39ms]
2025-04-17 12:25:40.245 [info] > git for-each-ref --sort -committerdate --format %(refname)%00%(objectname)%00%(*objectname) [3ms]
2025-04-17 12:25:40.275 [info] > git blame --root --incremental 7f8a626463193f87a34fa99535d4eabe61234eb5 -- recipes/strawbery-lemon-cheesecake.html [14ms]
2025-04-17 12:25:40.295 [info] > git merge-base refs/heads/main refs/remotes/origin/main [21ms]
2025-04-17 12:25:40.309 [info] > git show --textconv :recipes/strawbery-lemon-cheesecake.html [16ms]
2025-04-17 12:25:40.310 [info] > git diff --name-status -z --diff-filter=ADMR 7f8a626463193f87a34fa99535d4eabe61234eb5...refs/remotes/origin/main [2ms]
2025-04-17 12:25:43.290 [info] > git show --textconv :index.html [17ms]
2025-04-17 12:25:43.292 [info] > git ls-files --stage -- index.html [3ms]
2025-04-17 12:25:43.307 [info] > git cat-file -s bc51ac074ea67a205aad50162d9f54e5c7856355 [1ms]
2025-04-17 12:25:43.336 [info] > git blame --root --incremental 7f8a626463193f87a34fa99535d4eabe61234eb5 -- index.html [4ms]
2025-04-17 12:25:45.295 [info] > git config --get commit.template [1ms]
2025-04-17 12:25:45.317 [info] > git for-each-ref --format=%(refname)%00%(upstream:short)%00%(objectname)%00%(upstream:track)%00%(upstream:remotename)%00%(upstream:remoteref) refs/heads/main refs/remotes/main [2ms]
2025-04-17 12:25:45.353 [info] > git status -z -uall [18ms]
2025-04-17 12:25:45.355 [info] > git for-each-ref --sort -committerdate --format %(refname)%00%(objectname)%00%(*objectname) [4ms]
2025-04-17 12:25:55.599 [info] > git config --get commit.template [16ms]
2025-04-17 12:25:55.600 [info] > git for-each-ref --format=%(refname)%00%(upstream:short)%00%(objectname)%00%(upstream:track)%00%(upstream:remotename)%00%(upstream:remoteref) refs/heads/main refs/remotes/main [2ms]
2025-04-17 12:25:55.625 [info] > git status -z -uall [14ms]
2025-04-17 12:25:55.626 [info] > git for-each-ref --sort -committerdate --format %(refname)%00%(objectname)%00%(*objectname) [2ms]
2025-04-17 12:26:39.551 [info] > git config --get commit.template [24ms]
2025-04-17 12:26:39.551 [info] > git for-each-ref --format=%(refname)%00%(upstream:short)%00%(objectname)%00%(upstream:track)%00%(upstream:remotename)%00%(upstream:remoteref) refs/heads/main refs/remotes/main [1ms]
2025-04-17 12:26:39.583 [info] > git status -z -uall [14ms]
2025-04-17 12:26:39.584 [info] > git for-each-ref --sort -committerdate --format %(refname)%00%(objectname)%00%(*objectname) [2ms]
2025-04-17 12:26:48.592 [info] > git check-ignore -v -z --stdin [1ms]
2025-04-17 12:26:49.586 [info] > git config --get commit.template [3ms]
2025-04-17 12:26:49.607 [info] > git for-each-ref --format=%(refname)%00%(upstream:short)%00%(objectname)%00%(upstream:track)%00%(upstream:remotename)%00%(upstream:remoteref) refs/heads/main refs/remotes/main [2ms]
2025-04-17 12:26:49.642 [info] > git status -z -uall [17ms]
2025-04-17 12:26:49.643 [info] > git for-each-ref --sort -committerdate --format %(refname)%00%(objectname)%00%(*objectname) [2ms]
2025-04-17 12:27:48.352 [info] > git config --get commit.template [5ms]
2025-04-17 12:27:48.404 [info] > git ls-files --stage -- index.html [27ms]
2025-04-17 12:27:48.428 [info] > git for-each-ref --format=%(refname)%00%(upstream:short)%00%(objectname)%00%(upstream:track)%00%(upstream:remotename)%00%(upstream:remoteref) refs/heads/main refs/remotes/main [26ms]
2025-04-17 12:27:48.465 [info] > git status -z -uall [16ms]
2025-04-17 12:27:48.465 [info] > git cat-file -s 9843475c7566389e89de25a6208a2a31585ba824 [38ms]
2025-04-17 12:27:48.466 [info] > git for-each-ref --sort -committerdate --format %(refname)%00%(objectname)%00%(*objectname) [2ms]
2025-04-17 12:27:48.497 [info] > git blame --root --incremental 9ae567b24eb6ced7236b434456c56927de5cf0de -- index.html [17ms]
2025-04-17 12:27:48.511 [info] > git show --textconv :index.html [2ms]
2025-04-17 12:27:48.511 [info] > git merge-base refs/heads/main refs/remotes/origin/main [15ms]
2025-04-17 12:27:48.526 [info] > git diff --name-status -z --diff-filter=ADMR 7f8a626463193f87a34fa99535d4eabe61234eb5...refs/remotes/origin/main [2ms]
2025-04-17 12:28:11.655 [info] > git config --get commit.template [1ms]
2025-04-17 12:28:11.678 [info] > git for-each-ref --format=%(refname)%00%(upstream:short)%00%(objectname)%00%(upstream:track)%00%(upstream:remotename)%00%(upstream:remoteref) refs/heads/main refs/remotes/main [1ms]
2025-04-17 12:28:11.713 [info] > git status -z -uall [19ms]
2025-04-17 12:28:11.713 [info] > git for-each-ref --sort -committerdate --format %(refname)%00%(objectname)%00%(*objectname) [3ms]
2025-04-17 12:28:28.323 [info] > git config --get commit.template [20ms]
2025-04-17 12:28:28.324 [info] > git for-each-ref --format=%(refname)%00%(upstream:short)%00%(objectname)%00%(upstream:track)%00%(upstream:remotename)%00%(upstream:remoteref) refs/heads/main refs/remotes/main [3ms]
2025-04-17 12:28:28.367 [info] > git status -z -uall [18ms]
2025-04-17 12:28:28.369 [info] > git for-each-ref --sort -committerdate --format %(refname)%00%(objectname)%00%(*objectname) [2ms]
2025-04-17 12:29:27.386 [info] > git check-ignore -v -z --stdin [2ms]
2025-04-17 12:29:28.587 [info] > git check-ignore -v -z --stdin [1ms]
2025-04-17 12:29:35.092 [info] > git show --textconv :recipes/lasagne.html [13ms]
2025-04-17 12:29:35.093 [info] > git ls-files --stage -- recipes/lasagne.html [2ms]
2025-04-17 12:29:35.106 [info] > git cat-file -s 2e7b1fefe498f9ef52284d15f5a4cb6105b695ce [1ms]
2025-04-17 12:29:35.125 [info] > git blame --root --incremental 9ae567b24eb6ced7236b434456c56927de5cf0de -- recipes/lasagne.html [2ms]
2025-04-17 12:29:58.420 [info] > git config --get commit.template [16ms]
2025-04-17 12:29:58.420 [info] > git for-each-ref --format=%(refname)%00%(upstream:short)%00%(objectname)%00%(upstream:track)%00%(upstream:remotename)%00%(upstream:remoteref) refs/heads/main refs/remotes/main [1ms]
2025-04-17 12:29:58.454 [info] > git status -z -uall [16ms]
2025-04-17 12:29:58.456 [info] > git for-each-ref --sort -committerdate --format %(refname)%00%(objectname)%00%(*objectname) [3ms]
2025-04-17 12:30:09.690 [info] > git config --get commit.template [2ms]
2025-04-17 12:30:09.708 [info] > git for-each-ref --format=%(refname)%00%(upstream:short)%00%(objectname)%00%(upstream:track)%00%(upstream:remotename)%00%(upstream:remoteref) refs/heads/main refs/remotes/main [1ms]
2025-04-17 12:30:09.746 [info] > git status -z -uall [19ms]
2025-04-17 12:30:09.747 [info] > git for-each-ref --sort -committerdate --format %(refname)%00%(objectname)%00%(*objectname) [2ms]
2025-04-17 12:30:17.531 [info] > git show --textconv :index.html [16ms]
2025-04-17 12:30:17.532 [info] > git ls-files --stage -- index.html [2ms]
2025-04-17 12:30:17.544 [info] > git cat-file -s 9843475c7566389e89de25a6208a2a31585ba824 [1ms]
2025-04-17 12:30:19.777 [info] > git show --textconv :recipes/matzah.html [19ms]
2025-04-17 12:30:19.778 [info] > git ls-files --stage -- recipes/matzah.html [2ms]
2025-04-17 12:30:19.791 [info] > git cat-file -s 50f1de653be9619d3b81e26c4903122feb950f81 [2ms]
2025-04-17 12:30:19.809 [info] > git blame --root --incremental 9ae567b24eb6ced7236b434456c56927de5cf0de -- recipes/matzah.html [2ms]
2025-04-17 12:31:01.304 [info] > git config --get commit.template [1ms]
2025-04-17 12:31:01.331 [info] > git for-each-ref --format=%(refname)%00%(upstream:short)%00%(objectname)%00%(upstream:track)%00%(upstream:remotename)%00%(upstream:remoteref) refs/heads/main refs/remotes/main [4ms]
2025-04-17 12:31:01.373 [info] > git status -z -uall [19ms]
2025-04-17 12:31:01.375 [info] > git for-each-ref --sort -committerdate --format %(refname)%00%(objectname)%00%(*objectname) [3ms]
2025-04-17 12:31:11.736 [info] > git config --get commit.template [17ms]
2025-04-17 12:31:11.738 [info] > git for-each-ref --format=%(refname)%00%(upstream:short)%00%(objectname)%00%(upstream:track)%00%(upstream:remotename)%00%(upstream:remoteref) refs/heads/main refs/remotes/main [3ms]
2025-04-17 12:31:11.778 [info] > git status -z -uall [23ms]
2025-04-17 12:31:11.780 [info] > git for-each-ref --sort -committerdate --format %(refname)%00%(objectname)%00%(*objectname) [3ms]
2025-04-17 12:31:22.591 [info] > git config --get commit.template [2ms]
2025-04-17 12:31:22.610 [info] > git for-each-ref --format=%(refname)%00%(upstream:short)%00%(objectname)%00%(upstream:track)%00%(upstream:remotename)%00%(upstream:remoteref) refs/heads/main refs/remotes/main [1ms]
2025-04-17 12:31:22.656 [info] > git status -z -uall [25ms]
2025-04-17 12:31:22.659 [info] > git for-each-ref --sort -committerdate --format %(refname)%00%(objectname)%00%(*objectname) [4ms]
2025-04-17 12:31:24.736 [info] > git show --textconv :recipes/lasagne.html [14ms]
2025-04-17 12:31:24.737 [info] > git ls-files --stage -- recipes/lasagne.html [2ms]
2025-04-17 12:31:24.755 [info] > git cat-file -s 2e7b1fefe498f9ef52284d15f5a4cb6105b695ce [3ms]
2025-04-17 12:31:31.986 [info] > git config --get commit.template [21ms]
2025-04-17 12:31:31.989 [info] > git for-each-ref --format=%(refname)%00%(upstream:short)%00%(objectname)%00%(upstream:track)%00%(upstream:remotename)%00%(upstream:remoteref) refs/heads/main refs/remotes/main [3ms]
2025-04-17 12:31:32.022 [info] > git status -z -uall [22ms]
2025-04-17 12:31:32.024 [info] > git for-each-ref --sort -committerdate --format %(refname)%00%(objectname)%00%(*objectname) [3ms]
2025-04-17 12:31:41.773 [info] > git config --get commit.template [14ms]
2025-04-17 12:31:41.774 [info] > git for-each-ref --format=%(refname)%00%(upstream:short)%00%(objectname)%00%(upstream:track)%00%(upstream:remotename)%00%(upstream:remoteref) refs/heads/main refs/remotes/main [1ms]
2025-04-17 12:31:41.806 [info] > git status -z -uall [18ms]
2025-04-17 12:31:41.806 [info] > git for-each-ref --sort -committerdate --format %(refname)%00%(objectname)%00%(*objectname) [3ms]
2025-04-17 12:31:45.637 [info] > git show --textconv :recipes/strawbery-lemon-cheesecake-rolls.html [13ms]
2025-04-17 12:31:45.637 [info] > git ls-files --stage -- recipes/strawbery-lemon-cheesecake-rolls.html [1ms]
2025-04-17 12:31:45.650 [info] > git cat-file -s 1d5cd38936c405c4ee94cb2f2e6c92f5197bc6a2 [2ms]
2025-04-17 12:31:45.668 [info] > git blame --root --incremental 9ae567b24eb6ced7236b434456c56927de5cf0de -- recipes/strawbery-lemon-cheesecake-rolls.html [2ms]
2025-04-17 12:32:32.050 [info] > git for-each-ref --format=%(refname)%00%(upstream:short)%00%(objectname)%00%(upstream:track)%00%(upstream:remotename)%00%(upstream:remoteref) refs/heads/main refs/remotes/main [3ms]
2025-04-17 12:32:32.051 [info] > git config --get commit.template [22ms]
2025-04-17 12:32:32.085 [info] > git status -z -uall [18ms]
2025-04-17 12:32:32.087 [info] > git for-each-ref --sort -committerdate --format %(refname)%00%(objectname)%00%(*objectname) [3ms]
2025-04-17 12:32:34.627 [info] > git show --textconv :recipes/lasagne.html [15ms]
2025-04-17 12:32:34.628 [info] > git ls-files --stage -- recipes/lasagne.html [2ms]
2025-04-17 12:32:34.641 [info] > git cat-file -s 2e7b1fefe498f9ef52284d15f5a4cb6105b695ce [2ms]
2025-04-17 12:32:35.120 [info] > git show --textconv :recipes/matzah.html [12ms]
2025-04-17 12:32:35.120 [info] > git ls-files --stage -- recipes/matzah.html [2ms]
2025-04-17 12:32:35.136 [info] > git cat-file -s 50f1de653be9619d3b81e26c4903122feb950f81 [1ms]
2025-04-17 12:32:36.041 [info] > git show --textconv :index.html [18ms]
2025-04-17 12:32:36.043 [info] > git ls-files --stage -- index.html [3ms]
2025-04-17 12:32:36.059 [info] > git cat-file -s 9843475c7566389e89de25a6208a2a31585ba824 [1ms]
2025-04-17 12:32:46.036 [info] > git config --get commit.template [19ms]
2025-04-17 12:32:46.037 [info] > git for-each-ref --format=%(refname)%00%(upstream:short)%00%(objectname)%00%(upstream:track)%00%(upstream:remotename)%00%(upstream:remoteref) refs/heads/main refs/remotes/main [1ms]
2025-04-17 12:32:46.076 [info] > git status -z -uall [22ms]
2025-04-17 12:32:46.078 [info] > git for-each-ref --sort -committerdate --format %(refname)%00%(objectname)%00%(*objectname) [3ms]
2025-04-17 12:32:59.600 [info] > git config --get commit.template [2ms]
2025-04-17 12:32:59.621 [info] > git for-each-ref --format=%(refname)%00%(upstream:short)%00%(objectname)%00%(upstream:track)%00%(upstream:remotename)%00%(upstream:remoteref) refs/heads/main refs/remotes/main [3ms]
2025-04-17 12:32:59.658 [info] > git status -z -uall [19ms]
2025-04-17 12:32:59.660 [info] > git for-each-ref --sort -committerdate --format %(refname)%00%(objectname)%00%(*objectname) [2ms]
2025-04-17 12:34:01.274 [info] > git config --get commit.template [2ms]
2025-04-17 12:34:01.309 [info] > git ls-files --stage -- index.html [18ms]
2025-04-17 12:34:01.332 [info] > git for-each-ref --format=%(refname)%00%(upstream:short)%00%(objectname)%00%(upstream:track)%00%(upstream:remotename)%00%(upstream:remoteref) refs/heads/main refs/remotes/main [24ms]
2025-04-17 12:34:01.332 [info] > git cat-file -s da3b880345783e2dce2445dbf5405a7bcecd378b [2ms]
2025-04-17 12:34:01.382 [info] > git show --textconv :index.html [29ms]
2025-04-17 12:34:01.382 [info] > git status -z -uall [17ms]
2025-04-17 12:34:01.384 [info] > git for-each-ref --sort -committerdate --format %(refname)%00%(objectname)%00%(*objectname) [3ms]
2025-04-17 12:34:01.421 [info] > git blame --root --incremental be6b1b04b7f56241ed618cf1dc7114805fcf863b -- index.html [23ms]
2025-04-17 12:34:01.423 [info] > git merge-base refs/heads/main refs/remotes/origin/main [3ms]
2025-04-17 12:34:01.444 [info] > git diff --name-status -z --diff-filter=ADMR be6b1b04b7f56241ed618cf1dc7114805fcf863b...refs/remotes/origin/main [4ms]
2025-04-17 12:36:29.678 [info] > git config --get commit.template [14ms]
2025-04-17 12:36:29.680 [info] > git for-each-ref --format=%(refname)%00%(upstream:short)%00%(objectname)%00%(upstream:track)%00%(upstream:remotename)%00%(upstream:remoteref) refs/heads/main refs/remotes/main [2ms]
2025-04-17 12:36:29.708 [info] > git status -z -uall [14ms]
2025-04-17 12:36:29.710 [info] > git for-each-ref --sort -committerdate --format %(refname)%00%(objectname)%00%(*objectname) [2ms]
2025-04-17 12:40:29.482 [info] > git config --get commit.template [25ms]
2025-04-17 12:40:29.484 [info] > git for-each-ref --format=%(refname)%00%(upstream:short)%00%(objectname)%00%(upstream:track)%00%(upstream:remotename)%00%(upstream:remoteref) refs/heads/main refs/remotes/main [4ms]
2025-04-17 12:40:29.525 [info] > git status -z -uall [20ms]
2025-04-17 12:40:29.526 [info] > git for-each-ref --sort -committerdate --format %(refname)%00%(objectname)%00%(*objectname) [3ms]
2025-04-17 12:40:30.398 [info] > git show --textconv :recipes/strawbery-lemon-cheesecake-rolls.html [18ms]
2025-04-17 12:40:30.400 [info] > git ls-files --stage -- recipes/strawbery-lemon-cheesecake-rolls.html [3ms]
2025-04-17 12:40:30.426 [info] > git cat-file -s 763fe2549fa1e78cde1508451ff6528ed9c1c398 [3ms]
2025-04-17 12:40:30.453 [info] > git blame --root --incremental be6b1b04b7f56241ed618cf1dc7114805fcf863b -- recipes/strawbery-lemon-cheesecake-rolls.html [2ms]
2025-04-17 12:40:33.752 [info] > git show --textconv :recipes/matzah.html [13ms]
2025-04-17 12:40:33.753 [info] > git ls-files --stage -- recipes/matzah.html [1ms]
2025-04-17 12:40:33.765 [info] > git cat-file -s 193184362cea445f8fcbf49dff9353363c8580d6 [2ms]
2025-04-17 12:40:33.783 [info] > git blame --root --incremental be6b1b04b7f56241ed618cf1dc7114805fcf863b -- recipes/matzah.html [2ms]
2025-04-17 12:40:34.552 [info] > git config --get commit.template [1ms]
2025-04-17 12:40:34.565 [info] > git for-each-ref --format=%(refname)%00%(upstream:short)%00%(objectname)%00%(upstream:track)%00%(upstream:remotename)%00%(upstream:remoteref) refs/heads/main refs/remotes/main [2ms]
2025-04-17 12:40:34.592 [info] > git status -z -uall [15ms]
2025-04-17 12:40:34.593 [info] > git for-each-ref --sort -committerdate --format %(refname)%00%(objectname)%00%(*objectname) [2ms]
2025-04-17 12:40:50.173 [info] > git config --get commit.template [1ms]
2025-04-17 12:40:50.194 [info] > git for-each-ref --format=%(refname)%00%(upstream:short)%00%(objectname)%00%(upstream:track)%00%(upstream:remotename)%00%(upstream:remoteref) refs/heads/main refs/remotes/main [2ms]
2025-04-17 12:40:50.234 [info] > git status -z -uall [22ms]
2025-04-17 12:40:50.234 [info] > git for-each-ref --sort -committerdate --format %(refname)%00%(objectname)%00%(*objectname) [2ms]
2025-04-17 12:40:50.595 [info] > git show --textconv :recipes/lasagne.html [17ms]
2025-04-17 12:40:50.597 [info] > git ls-files --stage -- recipes/lasagne.html [3ms]
2025-04-17 12:40:50.608 [info] > git cat-file -s d29c6cb68d03941fabe526dc98a0834262bc0b27 [2ms]
2025-04-17 12:40:50.626 [info] > git blame --root --incremental be6b1b04b7f56241ed618cf1dc7114805fcf863b -- recipes/lasagne.html [2ms]
2025-04-17 12:40:52.731 [info] > git show --textconv :recipes/strawbery-lemon-cheesecake-rolls.html [16ms]
2025-04-17 12:40:52.733 [info] > git ls-files --stage -- recipes/strawbery-lemon-cheesecake-rolls.html [3ms]
2025-04-17 12:40:52.745 [info] > git cat-file -s 763fe2549fa1e78cde1508451ff6528ed9c1c398 [2ms]
2025-04-17 12:40:56.801 [info] > git show --textconv :recipes/lasagne.html [16ms]
2025-04-17 12:40:56.802 [info] > git ls-files --stage -- recipes/lasagne.html [3ms]
2025-04-17 12:40:56.820 [info] > git cat-file -s d29c6cb68d03941fabe526dc98a0834262bc0b27 [3ms]
2025-04-17 12:41:04.020 [info] > git config --get commit.template [4ms]
2025-04-17 12:41:04.040 [info] > git for-each-ref --format=%(refname)%00%(upstream:short)%00%(objectname)%00%(upstream:track)%00%(upstream:remotename)%00%(upstream:remoteref) refs/heads/main refs/remotes/main [1ms]
2025-04-17 12:41:04.073 [info] > git status -z -uall [14ms]
2025-04-17 12:41:04.073 [info] > git for-each-ref --sort -committerdate --format %(refname)%00%(objectname)%00%(*objectname) [1ms]
2025-04-17 12:41:04.592 [info] > git show --textconv :recipes/strawbery-lemon-cheesecake-rolls.html [17ms]
2025-04-17 12:41:04.593 [info] > git ls-files --stage -- recipes/strawbery-lemon-cheesecake-rolls.html [2ms]
2025-04-17 12:41:04.608 [info] > git cat-file -s 763fe2549fa1e78cde1508451ff6528ed9c1c398 [1ms]
2025-04-17 12:41:05.066 [info] > git show --textconv :recipes/matzah.html [15ms]
2025-04-17 12:41:05.068 [info] > git ls-files --stage -- recipes/matzah.html [2ms]
2025-04-17 12:41:05.092 [info] > git cat-file -s 193184362cea445f8fcbf49dff9353363c8580d6 [4ms]
2025-04-17 12:41:05.750 [info] > git show --textconv :index.html [15ms]
2025-04-17 12:41:05.751 [info] > git ls-files --stage -- index.html [1ms]
2025-04-17 12:41:05.771 [info] > git cat-file -s da3b880345783e2dce2445dbf5405a7bcecd378b [3ms]
2025-04-17 12:41:30.556 [info] > git config --get commit.template [26ms]
2025-04-17 12:41:30.583 [info] > git ls-files --stage -- index.html [27ms]
2025-04-17 12:41:30.596 [info] > git for-each-ref --format=%(refname)%00%(upstream:short)%00%(objectname)%00%(upstream:track)%00%(upstream:remotename)%00%(upstream:remoteref) refs/heads/main refs/remotes/main [15ms]
2025-04-17 12:41:30.597 [info] > git cat-file -s c8cd1cd3c9f1f512d0405cd4a27cdf3c8caec797 [2ms]
2025-04-17 12:41:30.620 [info] > git status -z -uall [12ms]
2025-04-17 12:41:30.632 [info] > git for-each-ref --sort -committerdate --format %(refname)%00%(objectname)%00%(*objectname) [13ms]
2025-04-17 12:41:30.659 [info] > git show --textconv :index.html [28ms]
2025-04-17 12:41:30.659 [info] > git blame --root --incremental 8bbcfd906edb6fc6f0b8681c9868a6413a588cf7 -- index.html [14ms]
2025-04-17 12:41:30.661 [info] > git merge-base refs/heads/main refs/remotes/origin/main [3ms]
2025-04-17 12:41:30.680 [info] > git diff --name-status -z --diff-filter=ADMR 8bbcfd906edb6fc6f0b8681c9868a6413a588cf7...refs/remotes/origin/main [3ms]
2025-04-17 12:41:44.644 [info] > git config --get commit.template [14ms]
2025-04-17 12:41:44.645 [info] > git for-each-ref --format=%(refname)%00%(upstream:short)%00%(objectname)%00%(upstream:track)%00%(upstream:remotename)%00%(upstream:remoteref) refs/heads/main refs/remotes/main [2ms]
2025-04-17 12:41:44.683 [info] > git status -z -uall [21ms]
2025-04-17 12:41:44.685 [info] > git for-each-ref --sort -committerdate --format %(refname)%00%(objectname)%00%(*objectname) [2ms]
